d:\태섭\project1\project1\x64\debug\vc143.pdb
d:\태섭\project1\project1\x64\debug\vc143.idb
d:\태섭\project1\project1\x64\debug\coffee40.obj
d:\태섭\project1\project1\x64\debug\project1.ilk
d:\태섭\project1\project1\x64\debug\for27.obj
d:\태섭\project1\project1\x64\debug\for29.obj
d:\태섭\project1\project1\x64\debug\for30.obj
d:\태섭\project1\project1\x64\debug\for31.obj
d:\태섭\project1\project1\x64\debug\for32.obj
d:\태섭\project1\project1\x64\debug\for33.obj
d:\태섭\project1\project1\x64\debug\for35.obj
d:\태섭\project1\project1\x64\debug\for36.obj
d:\태섭\project1\project1\x64\debug\for37.obj
d:\태섭\project1\project1\x64\debug\for38.obj
d:\태섭\project1\project1\x64\debug\for39.obj
d:\태섭\project1\project1\x64\debug\forsum34.obj
d:\태섭\project1\project1\x64\debug\test10.obj
d:\태섭\project1\project1\x64\debug\test11.obj
d:\태섭\project1\project1\x64\debug\test12.obj
d:\태섭\project1\project1\x64\debug\test13.obj
d:\태섭\project1\project1\x64\debug\test14.obj
d:\태섭\project1\project1\x64\debug\test15.obj
d:\태섭\project1\project1\x64\debug\test16.obj
d:\태섭\project1\project1\x64\debug\test17.obj
d:\태섭\project1\project1\x64\debug\test18.obj
d:\태섭\project1\project1\x64\debug\test19.obj
d:\태섭\project1\project1\x64\debug\test20.obj
d:\태섭\project1\project1\x64\debug\test21.obj
d:\태섭\project1\project1\x64\debug\test22.obj
d:\태섭\project1\project1\x64\debug\test23.obj
d:\태섭\project1\project1\x64\debug\test24.obj
d:\태섭\project1\project1\x64\debug\test25.obj
d:\태섭\project1\project1\x64\debug\test26.obj
d:\태섭\project1\project1\x64\debug\test5.obj
d:\태섭\project1\project1\x64\debug\test6.obj
d:\태섭\project1\project1\x64\debug\test7.obj
d:\태섭\project1\project1\x64\debug\test8.obj
d:\태섭\project1\project1\x64\debug\test9.obj
d:\태섭\project1\project1\x64\debug\test16.obj.enc
d:\태섭\project1\x64\debug\project1.pdb
d:\태섭\project1\project1\x64\debug\project1.tlog\cl.command.1.tlog
d:\태섭\project1\project1\x64\debug\project1.tlog\cl.items.tlog
d:\태섭\project1\project1\x64\debug\project1.tlog\cl.read.1.tlog
d:\태섭\project1\project1\x64\debug\project1.tlog\cl.write.1.tlog
d:\태섭\project1\project1\x64\debug\project1.tlog\link-cvtres.read.1.tlog
d:\태섭\project1\project1\x64\debug\project1.tlog\link-cvtres.write.1.tlog
d:\태섭\project1\project1\x64\debug\project1.tlog\link-rc.read.1.tlog
d:\태섭\project1\project1\x64\debug\project1.tlog\link-rc.write.1.tlog
d:\태섭\project1\project1\x64\debug\project1.tlog\link.42324-cvtres.read.1.tlog
d:\태섭\project1\project1\x64\debug\project1.tlog\link.42324-cvtres.write.1.tlog
d:\태섭\project1\project1\x64\debug\project1.tlog\link.42324-rc.read.1.tlog
d:\태섭\project1\project1\x64\debug\project1.tlog\link.42324-rc.write.1.tlog
d:\태섭\project1\project1\x64\debug\project1.tlog\link.42324.read.1.tlog
d:\태섭\project1\project1\x64\debug\project1.tlog\link.42324.read.2.tlog
d:\태섭\project1\project1\x64\debug\project1.tlog\link.42324.read.3.tlog
d:\태섭\project1\project1\x64\debug\project1.tlog\link.42324.read.4.tlog
d:\태섭\project1\project1\x64\debug\project1.tlog\link.42324.write.1.tlog
d:\태섭\project1\project1\x64\debug\project1.tlog\link.command.1.tlog
d:\태섭\project1\project1\x64\debug\project1.tlog\link.read.1.tlog
d:\태섭\project1\project1\x64\debug\project1.tlog\link.read.2.tlog
d:\태섭\project1\project1\x64\debug\project1.tlog\link.read.3.tlog
d:\태섭\project1\project1\x64\debug\project1.tlog\link.read.4.tlog
d:\태섭\project1\project1\x64\debug\project1.tlog\link.secondary.1.tlog
d:\태섭\project1\project1\x64\debug\project1.tlog\link.write.1.tlog
